<?xml version="1.0" encoding="UTF-8"?>
<!-- Generated by org.testng.reporters.JUnitXMLReporter -->
<testsuite ignored="0" hostname="DESKTOP-PA2MCSP" failures="0" tests="6" name="Test" time="46.017" errors="0" timestamp="2022-05-02T10:47:19 IST">
  <testcase classname="practice.TestNg_Test" name="verifypagetitle" time="0.082"/>
  <testcase classname="practice.TestNg_Test" name="verifypagetitle2" time="0.038"/>
  <testcase classname="practice.TestNg_Test" name="verifypagetitle3" time="0.017"/>
  <testcase classname="practice.TestNg_Test" name="verifypagetitle4" time="0.043"/>
  <testcase classname="practice.TestNg_Test" name="verifypagetitle5" time="0.169"/>
  <testcase classname="practice.Youtube" name="verifyyoutube" time="14.801"/>
</testsuite> <!-- Test -->
