<?xml version="1.0" encoding="UTF-8"?>
<!-- Generated by org.testng.reporters.JUnitXMLReporter -->
<testsuite ignored="0" hostname="DESKTOP-PA2MCSP" failures="0" tests="6" name="Test" time="41.244" errors="0" timestamp="2022-05-02T16:43:36 IST">
  <testcase classname="practice.TestNg_Test" name="verifypagetitle" time="0.021"/>
  <testcase classname="practice.TestNg_Test" name="verifypagetitle2" time="0.051"/>
  <testcase classname="practice.TestNg_Test" name="verifypagetitle3" time="0.075"/>
  <testcase classname="practice.TestNg_Test" name="verifypagetitle4" time="0.049"/>
  <testcase classname="practice.TestNg_Test" name="verifypagetitle5" time="0.054"/>
  <testcase classname="practice.Youtube" name="verifyyoutube" time="13.163"/>
</testsuite> <!-- Test -->
