<?xml version="1.0" encoding="UTF-8"?>
<testng-results ignored="0" total="6" passed="6" failed="0" skipped="0">
  <reporter-output>
  </reporter-output>
  <suite started-at="2022-05-02T16:42:55 IST" name="Suite" finished-at="2022-05-02T16:43:36 IST" duration-ms="41244">
    <groups>
    </groups>
    <test started-at="2022-05-02T16:42:55 IST" name="Test" finished-at="2022-05-02T16:43:36 IST" duration-ms="41244">
      <class name="practice.TestNg_Test">
        <test-method is-config="true" signature="setup()[pri:0, instance:practice.TestNg_Test@61df66b6]" started-at="2022-05-02T16:42:55 IST" name="setup" finished-at="2022-05-02T16:43:00 IST" duration-ms="4908" status="PASS">
          <reporter-output>
          </reporter-output>
        </test-method> <!-- setup -->
        <test-method signature="verifypagetitle()[pri:0, instance:practice.TestNg_Test@61df66b6]" started-at="2022-05-02T16:43:00 IST" name="verifypagetitle" finished-at="2022-05-02T16:43:00 IST" duration-ms="21" status="PASS">
          <reporter-output>
          </reporter-output>
        </test-method> <!-- verifypagetitle -->
        <test-method is-config="true" signature="setup()[pri:0, instance:practice.TestNg_Test@61df66b6]" started-at="2022-05-02T16:43:00 IST" name="setup" finished-at="2022-05-02T16:43:05 IST" duration-ms="5005" status="PASS">
          <reporter-output>
          </reporter-output>
        </test-method> <!-- setup -->
        <test-method signature="verifypagetitle2()[pri:0, instance:practice.TestNg_Test@61df66b6]" started-at="2022-05-02T16:43:05 IST" name="verifypagetitle2" finished-at="2022-05-02T16:43:05 IST" duration-ms="51" status="PASS">
          <reporter-output>
          </reporter-output>
        </test-method> <!-- verifypagetitle2 -->
        <test-method is-config="true" signature="setup()[pri:0, instance:practice.TestNg_Test@61df66b6]" started-at="2022-05-02T16:43:05 IST" name="setup" finished-at="2022-05-02T16:43:10 IST" duration-ms="5135" status="PASS">
          <reporter-output>
          </reporter-output>
        </test-method> <!-- setup -->
        <test-method signature="verifypagetitle3()[pri:0, instance:practice.TestNg_Test@61df66b6]" started-at="2022-05-02T16:43:10 IST" name="verifypagetitle3" finished-at="2022-05-02T16:43:10 IST" duration-ms="75" status="PASS">
          <reporter-output>
          </reporter-output>
        </test-method> <!-- verifypagetitle3 -->
        <test-method is-config="true" signature="setup()[pri:0, instance:practice.TestNg_Test@61df66b6]" started-at="2022-05-02T16:43:10 IST" name="setup" finished-at="2022-05-02T16:43:16 IST" duration-ms="5980" status="PASS">
          <reporter-output>
          </reporter-output>
        </test-method> <!-- setup -->
        <test-method signature="verifypagetitle4()[pri:0, instance:practice.TestNg_Test@61df66b6]" started-at="2022-05-02T16:43:16 IST" name="verifypagetitle4" finished-at="2022-05-02T16:43:16 IST" duration-ms="49" status="PASS">
          <reporter-output>
          </reporter-output>
        </test-method> <!-- verifypagetitle4 -->
        <test-method is-config="true" signature="setup()[pri:0, instance:practice.TestNg_Test@61df66b6]" started-at="2022-05-02T16:43:16 IST" name="setup" finished-at="2022-05-02T16:43:21 IST" duration-ms="5193" status="PASS">
          <reporter-output>
          </reporter-output>
        </test-method> <!-- setup -->
        <test-method signature="verifypagetitle5()[pri:0, instance:practice.TestNg_Test@61df66b6]" started-at="2022-05-02T16:43:21 IST" name="verifypagetitle5" finished-at="2022-05-02T16:43:21 IST" duration-ms="54" status="PASS">
          <reporter-output>
          </reporter-output>
        </test-method> <!-- verifypagetitle5 -->
      </class> <!-- practice.TestNg_Test -->
      <class name="practice.Youtube">
        <test-method is-config="true" signature="setup()[pri:0, instance:practice.Youtube@6dc17b83]" started-at="2022-05-02T16:43:21 IST" name="setup" finished-at="2022-05-02T16:43:23 IST" duration-ms="1556" status="PASS">
          <reporter-output>
          </reporter-output>
        </test-method> <!-- setup -->
        <test-method signature="verifyyoutube()[pri:0, instance:practice.Youtube@6dc17b83]" started-at="2022-05-02T16:43:23 IST" name="verifyyoutube" finished-at="2022-05-02T16:43:36 IST" duration-ms="13163" status="PASS">
          <reporter-output>
          </reporter-output>
        </test-method> <!-- verifyyoutube -->
      </class> <!-- practice.Youtube -->
    </test> <!-- Test -->
  </suite> <!-- Suite -->
</testng-results>
