<?xml version="1.0" encoding="UTF-8"?>
<testng-results ignored="0" total="6" passed="6" failed="0" skipped="0">
  <reporter-output>
  </reporter-output>
  <suite started-at="2022-05-02T10:46:33 IST" name="Suite" finished-at="2022-05-02T10:47:19 IST" duration-ms="46017">
    <groups>
    </groups>
    <test started-at="2022-05-02T10:46:33 IST" name="Test" finished-at="2022-05-02T10:47:19 IST" duration-ms="46017">
      <class name="practice.TestNg_Test">
        <test-method is-config="true" signature="setup()[pri:0, instance:practice.TestNg_Test@61df66b6]" started-at="2022-05-02T10:46:33 IST" name="setup" finished-at="2022-05-02T10:46:38 IST" duration-ms="4656" status="PASS">
          <reporter-output>
          </reporter-output>
        </test-method> <!-- setup -->
        <test-method signature="verifypagetitle()[pri:0, instance:practice.TestNg_Test@61df66b6]" started-at="2022-05-02T10:46:38 IST" name="verifypagetitle" finished-at="2022-05-02T10:46:38 IST" duration-ms="82" status="PASS">
          <reporter-output>
          </reporter-output>
        </test-method> <!-- verifypagetitle -->
        <test-method is-config="true" signature="setup()[pri:0, instance:practice.TestNg_Test@61df66b6]" started-at="2022-05-02T10:46:38 IST" name="setup" finished-at="2022-05-02T10:46:43 IST" duration-ms="4913" status="PASS">
          <reporter-output>
          </reporter-output>
        </test-method> <!-- setup -->
        <test-method signature="verifypagetitle2()[pri:0, instance:practice.TestNg_Test@61df66b6]" started-at="2022-05-02T10:46:43 IST" name="verifypagetitle2" finished-at="2022-05-02T10:46:43 IST" duration-ms="38" status="PASS">
          <reporter-output>
          </reporter-output>
        </test-method> <!-- verifypagetitle2 -->
        <test-method is-config="true" signature="setup()[pri:0, instance:practice.TestNg_Test@61df66b6]" started-at="2022-05-02T10:46:43 IST" name="setup" finished-at="2022-05-02T10:46:51 IST" duration-ms="8499" status="PASS">
          <reporter-output>
          </reporter-output>
        </test-method> <!-- setup -->
        <test-method signature="verifypagetitle3()[pri:0, instance:practice.TestNg_Test@61df66b6]" started-at="2022-05-02T10:46:51 IST" name="verifypagetitle3" finished-at="2022-05-02T10:46:51 IST" duration-ms="17" status="PASS">
          <reporter-output>
          </reporter-output>
        </test-method> <!-- verifypagetitle3 -->
        <test-method is-config="true" signature="setup()[pri:0, instance:practice.TestNg_Test@61df66b6]" started-at="2022-05-02T10:46:51 IST" name="setup" finished-at="2022-05-02T10:46:57 IST" duration-ms="5122" status="PASS">
          <reporter-output>
          </reporter-output>
        </test-method> <!-- setup -->
        <test-method signature="verifypagetitle4()[pri:0, instance:practice.TestNg_Test@61df66b6]" started-at="2022-05-02T10:46:57 IST" name="verifypagetitle4" finished-at="2022-05-02T10:46:57 IST" duration-ms="43" status="PASS">
          <reporter-output>
          </reporter-output>
        </test-method> <!-- verifypagetitle4 -->
        <test-method is-config="true" signature="setup()[pri:0, instance:practice.TestNg_Test@61df66b6]" started-at="2022-05-02T10:46:57 IST" name="setup" finished-at="2022-05-02T10:47:02 IST" duration-ms="5536" status="PASS">
          <reporter-output>
          </reporter-output>
        </test-method> <!-- setup -->
        <test-method signature="verifypagetitle5()[pri:0, instance:practice.TestNg_Test@61df66b6]" started-at="2022-05-02T10:47:02 IST" name="verifypagetitle5" finished-at="2022-05-02T10:47:02 IST" duration-ms="169" status="PASS">
          <reporter-output>
          </reporter-output>
        </test-method> <!-- verifypagetitle5 -->
      </class> <!-- practice.TestNg_Test -->
      <class name="practice.Youtube">
        <test-method is-config="true" signature="setup()[pri:0, instance:practice.Youtube@6dc17b83]" started-at="2022-05-02T10:47:02 IST" name="setup" finished-at="2022-05-02T10:47:04 IST" duration-ms="2096" status="PASS">
          <reporter-output>
          </reporter-output>
        </test-method> <!-- setup -->
        <test-method signature="verifyyoutube()[pri:0, instance:practice.Youtube@6dc17b83]" started-at="2022-05-02T10:47:04 IST" name="verifyyoutube" finished-at="2022-05-02T10:47:19 IST" duration-ms="14801" status="PASS">
          <reporter-output>
          </reporter-output>
        </test-method> <!-- verifyyoutube -->
      </class> <!-- practice.Youtube -->
    </test> <!-- Test -->
  </suite> <!-- Suite -->
</testng-results>
